  INFO root [2017-06-15 10:24:24,164] - 
  INFO root [2017-06-15 10:24:24,165] - -----------------------------------------------------------------------------------------


  INFO root [2017-06-15 10:24:24,167] - Resmgr::initialize: KBE_ROOT=F:/kbengine/
  INFO root [2017-06-15 10:24:24,167] - Resmgr::initialize: KBE_RES_PATH=F:/kbengine/kbe/res/;F:/kbengine/kbengine_demos_assets/;F:/kbengine/kbengine_demos_assets/scripts/;F:/kbengine/kbengine_demos_assets/res/
  INFO root [2017-06-15 10:24:24,167] - Resmgr::initialize: KBE_BIN_PATH=F:/kbengine/kbe/bin/server/
  INFO root [2017-06-15 10:24:24,170] - NetworkInterface::recreateListeningSocket(INTERNAL): bound to all interfaces with default route interface on 192.168.0.157 ( 192.168.0.157:30099 )
  INFO root [2017-06-15 10:24:24,170] - NetworkInterface::recreateListeningSocket(INTERNAL): address 192.168.0.157:30099, SOMAXCONN=5.
  INFO root [2017-06-15 10:24:24,174] - ---- interfaces Version: 0.9.12. ScriptVersion: 0.1.0. Protocol: 9E765948B0CBBFE757F53CE9A0EBAFD3. Config: Debug X86. Built: 15:29:48 Jun 14 2017. AppID: 3000. UID: 49527. PID: 9120 ----
  INFO root [2017-06-15 10:24:24,175] - Server : Intel(R) Core(TM) i7-7700 CPU @ 3.60GHz with 2097151kB RAM
  INFO root [2017-06-15 10:24:24,175] - ThreadPool::createThreadPool: creating  threadpool...
  INFO root [2017-06-15 10:24:24,175] - ThreadPool::createThreadPool: successfully(2), newThreadCount=1, normalMaxThreadCount=2, maxThreadCount=8
 DEBUG root [2017-06-15 10:24:24,301] - Script::install_py_dlls(): PyInit_pyexpat
 DEBUG root [2017-06-15 10:24:24,302] - Script::install_py_dlls(): PyInit__socket
 DEBUG root [2017-06-15 10:24:24,302] - Script::install_py_dlls(): PyInit__hashlib
 DEBUG root [2017-06-15 10:24:24,303] - Script::install_py_dlls(): PyInit_select
 DEBUG root [2017-06-15 10:24:24,303] - Script::install_py_dlls(): PyInit__ctypes
 DEBUG root [2017-06-15 10:24:24,304] - Script::install_py_dlls(): PyInit__elementtree
 DEBUG root [2017-06-15 10:24:24,341] - Script::install_py_dlls(): PyInit_unicodedata
  INFO root [2017-06-15 10:24:24,370] - Script::install(): is successfully, Python=(3.4.2 (default, Jun 14 2017, 15:29:45) [MSC v.1910 32 bit (Intel)])!
  INFO root [2017-06-15 10:24:24,370] - Script::install(): KBExtra is successfully!
S_INFO root [2017-06-15 10:24:24,395] - onInterfaceAppReady: bootstrapGroupIndex=0, bootstrapGlobalIndex=0
  INFO root [2017-06-15 10:24:24,403] - TelnetServer server is running on port 33000
  INFO root [2017-06-15 10:24:24,693] - ---- interfaces is running ----
 DEBUG root [2017-06-15 10:24:24,693] - Components::process(): Request for the process of identity...
  INFO root [2017-06-15 10:24:31,868] - Components::process(): Found all the components!
S_INFO root [2017-06-15 10:29:33,195] - onRequestAccountLogin: registerName=TEST
S_INFO root [2017-06-15 10:34:35,895] - onRequestAccountLogin: registerName=TEST
  WARN root [2017-06-15 10:43:41,623] - TCPPacketReceiver::processPendingEvents(127.0.0.1:58400): Throwing REASON_GENERAL_NETWORK - WSAECONNRESET
  INFO root [2017-06-15 10:51:35,983] - 
  INFO root [2017-06-15 10:51:35,983] - -----------------------------------------------------------------------------------------


  INFO root [2017-06-15 10:51:35,984] - Resmgr::initialize: KBE_ROOT=F:/kbengine/
  INFO root [2017-06-15 10:51:35,984] - Resmgr::initialize: KBE_RES_PATH=F:/kbengine/kbe/res/;F:/kbengine/kbengine_demos_assets/;F:/kbengine/kbengine_demos_assets/scripts/;F:/kbengine/kbengine_demos_assets/res/
  INFO root [2017-06-15 10:51:35,984] - Resmgr::initialize: KBE_BIN_PATH=F:/kbengine/kbe/bin/server/
  INFO root [2017-06-15 10:51:35,987] - NetworkInterface::recreateListeningSocket(INTERNAL): bound to all interfaces with default route interface on 192.168.0.157 ( 192.168.0.157:30099 )
  INFO root [2017-06-15 10:51:35,987] - NetworkInterface::recreateListeningSocket(INTERNAL): address 192.168.0.157:30099, SOMAXCONN=5.
  INFO root [2017-06-15 10:51:35,990] - ---- interfaces Version: 0.9.12. ScriptVersion: 0.1.0. Protocol: 9E765948B0CBBFE757F53CE9A0EBAFD3. Config: Debug X86. Built: 15:29:48 Jun 14 2017. AppID: 3000. UID: 49527. PID: 9168 ----
  INFO root [2017-06-15 10:51:35,991] - Server : Intel(R) Core(TM) i7-7700 CPU @ 3.60GHz with 2097151kB RAM
  INFO root [2017-06-15 10:51:35,991] - ThreadPool::createThreadPool: creating  threadpool...
  INFO root [2017-06-15 10:51:35,991] - ThreadPool::createThreadPool: successfully(2), newThreadCount=1, normalMaxThreadCount=2, maxThreadCount=8
 DEBUG root [2017-06-15 10:51:36,114] - Script::install_py_dlls(): PyInit_pyexpat
 DEBUG root [2017-06-15 10:51:36,114] - Script::install_py_dlls(): PyInit__socket
 DEBUG root [2017-06-15 10:51:36,114] - Script::install_py_dlls(): PyInit__hashlib
 DEBUG root [2017-06-15 10:51:36,116] - Script::install_py_dlls(): PyInit_select
 DEBUG root [2017-06-15 10:51:36,116] - Script::install_py_dlls(): PyInit__ctypes
 DEBUG root [2017-06-15 10:51:36,116] - Script::install_py_dlls(): PyInit__elementtree
 DEBUG root [2017-06-15 10:51:36,141] - Script::install_py_dlls(): PyInit_unicodedata
  INFO root [2017-06-15 10:51:36,168] - Script::install(): is successfully, Python=(3.4.2 (default, Jun 14 2017, 15:29:45) [MSC v.1910 32 bit (Intel)])!
  INFO root [2017-06-15 10:51:36,168] - Script::install(): KBExtra is successfully!
S_INFO root [2017-06-15 10:51:36,175] - onInterfaceAppReady: bootstrapGroupIndex=0, bootstrapGlobalIndex=0
  INFO root [2017-06-15 10:51:36,181] - TelnetServer server is running on port 33000
  INFO root [2017-06-15 10:51:36,463] - ---- interfaces is running ----
 DEBUG root [2017-06-15 10:51:36,464] - Components::process(): Request for the process of identity...
  INFO root [2017-06-15 10:51:43,585] - Components::process(): Found all the components!
  WARN root [2017-06-15 10:52:44,932] - TCPPacketReceiver::processPendingEvents(127.0.0.1:60379): Throwing REASON_GENERAL_NETWORK - WSAECONNRESET
  INFO root [2017-06-15 11:20:26,305] - 
  INFO root [2017-06-15 11:20:26,305] - -----------------------------------------------------------------------------------------


  INFO root [2017-06-15 11:20:26,306] - Resmgr::initialize: KBE_ROOT=F:/kbengine/
  INFO root [2017-06-15 11:20:26,306] - Resmgr::initialize: KBE_RES_PATH=F:/kbengine/kbe/res/;F:/kbengine/kbengine_demos_assets/;F:/kbengine/kbengine_demos_assets/scripts/;F:/kbengine/kbengine_demos_assets/res/
  INFO root [2017-06-15 11:20:26,306] - Resmgr::initialize: KBE_BIN_PATH=F:/kbengine/kbe/bin/server/
  INFO root [2017-06-15 11:20:26,308] - NetworkInterface::recreateListeningSocket(INTERNAL): bound to all interfaces with default route interface on 192.168.0.157 ( 192.168.0.157:30099 )
  INFO root [2017-06-15 11:20:26,309] - NetworkInterface::recreateListeningSocket(INTERNAL): address 192.168.0.157:30099, SOMAXCONN=5.
  INFO root [2017-06-15 11:20:26,312] - ---- interfaces Version: 0.9.12. ScriptVersion: 0.1.0. Protocol: 9E765948B0CBBFE757F53CE9A0EBAFD3. Config: Debug X86. Built: 15:29:48 Jun 14 2017. AppID: 3000. UID: 49527. PID: 10308 ----
  INFO root [2017-06-15 11:20:26,312] - Server : Intel(R) Core(TM) i7-7700 CPU @ 3.60GHz with 2097151kB RAM
  INFO root [2017-06-15 11:20:26,312] - ThreadPool::createThreadPool: creating  threadpool...
  INFO root [2017-06-15 11:20:26,312] - ThreadPool::createThreadPool: successfully(2), newThreadCount=1, normalMaxThreadCount=2, maxThreadCount=8
 DEBUG root [2017-06-15 11:20:26,437] - Script::install_py_dlls(): PyInit_pyexpat
 DEBUG root [2017-06-15 11:20:26,438] - Script::install_py_dlls(): PyInit__socket
 DEBUG root [2017-06-15 11:20:26,438] - Script::install_py_dlls(): PyInit__hashlib
 DEBUG root [2017-06-15 11:20:26,439] - Script::install_py_dlls(): PyInit_select
 DEBUG root [2017-06-15 11:20:26,439] - Script::install_py_dlls(): PyInit__ctypes
 DEBUG root [2017-06-15 11:20:26,440] - Script::install_py_dlls(): PyInit__elementtree
 DEBUG root [2017-06-15 11:20:26,466] - Script::install_py_dlls(): PyInit_unicodedata
  INFO root [2017-06-15 11:20:26,496] - Script::install(): is successfully, Python=(3.4.2 (default, Jun 14 2017, 15:29:45) [MSC v.1910 32 bit (Intel)])!
  INFO root [2017-06-15 11:20:26,496] - Script::install(): KBExtra is successfully!
S_INFO root [2017-06-15 11:20:26,503] - onInterfaceAppReady: bootstrapGroupIndex=0, bootstrapGlobalIndex=0
  INFO root [2017-06-15 11:20:26,509] - TelnetServer server is running on port 33000
  INFO root [2017-06-15 11:20:26,794] - ---- interfaces is running ----
 DEBUG root [2017-06-15 11:20:26,795] - Components::process(): Request for the process of identity...
  INFO root [2017-06-15 11:20:33,907] - Components::process(): Found all the components!
  WARN root [2017-06-15 11:23:23,555] - TCPPacketReceiver::processPendingEvents(127.0.0.1:61242): Throwing REASON_GENERAL_NETWORK - WSAECONNRESET
  INFO root [2017-06-15 11:25:26,446] - 
  INFO root [2017-06-15 11:25:26,447] - -----------------------------------------------------------------------------------------


  INFO root [2017-06-15 11:25:26,447] - Resmgr::initialize: KBE_ROOT=F:/kbengine/
  INFO root [2017-06-15 11:25:26,447] - Resmgr::initialize: KBE_RES_PATH=F:/kbengine/kbe/res/;F:/kbengine/kbengine_demos_assets/;F:/kbengine/kbengine_demos_assets/scripts/;F:/kbengine/kbengine_demos_assets/res/
  INFO root [2017-06-15 11:25:26,448] - Resmgr::initialize: KBE_BIN_PATH=F:/kbengine/kbe/bin/server/
  INFO root [2017-06-15 11:25:26,450] - NetworkInterface::recreateListeningSocket(INTERNAL): bound to all interfaces with default route interface on 192.168.0.157 ( 192.168.0.157:30099 )
  INFO root [2017-06-15 11:25:26,450] - NetworkInterface::recreateListeningSocket(INTERNAL): address 192.168.0.157:30099, SOMAXCONN=5.
  INFO root [2017-06-15 11:25:26,453] - ---- interfaces Version: 0.9.12. ScriptVersion: 0.1.0. Protocol: 9E765948B0CBBFE757F53CE9A0EBAFD3. Config: Debug X86. Built: 15:29:48 Jun 14 2017. AppID: 3000. UID: 49527. PID: 10736 ----
  INFO root [2017-06-15 11:25:26,454] - Server : Intel(R) Core(TM) i7-7700 CPU @ 3.60GHz with 2097151kB RAM
  INFO root [2017-06-15 11:25:26,454] - ThreadPool::createThreadPool: creating  threadpool...
  INFO root [2017-06-15 11:25:26,454] - ThreadPool::createThreadPool: successfully(2), newThreadCount=1, normalMaxThreadCount=2, maxThreadCount=8
 DEBUG root [2017-06-15 11:25:26,579] - Script::install_py_dlls(): PyInit_pyexpat
 DEBUG root [2017-06-15 11:25:26,580] - Script::install_py_dlls(): PyInit__socket
 DEBUG root [2017-06-15 11:25:26,580] - Script::install_py_dlls(): PyInit__hashlib
 DEBUG root [2017-06-15 11:25:26,581] - Script::install_py_dlls(): PyInit_select
 DEBUG root [2017-06-15 11:25:26,582] - Script::install_py_dlls(): PyInit__ctypes
 DEBUG root [2017-06-15 11:25:26,582] - Script::install_py_dlls(): PyInit__elementtree
 DEBUG root [2017-06-15 11:25:26,612] - Script::install_py_dlls(): PyInit_unicodedata
  INFO root [2017-06-15 11:25:26,639] - Script::install(): is successfully, Python=(3.4.2 (default, Jun 14 2017, 15:29:45) [MSC v.1910 32 bit (Intel)])!
  INFO root [2017-06-15 11:25:26,639] - Script::install(): KBExtra is successfully!
S_INFO root [2017-06-15 11:25:26,648] - onInterfaceAppReady: bootstrapGroupIndex=0, bootstrapGlobalIndex=0
  INFO root [2017-06-15 11:25:26,654] - TelnetServer server is running on port 33000
  INFO root [2017-06-15 11:25:26,964] - ---- interfaces is running ----
 DEBUG root [2017-06-15 11:25:26,964] - Components::process(): Request for the process of identity...
  WARN root [2017-06-15 11:25:30,327] - BundleBroadcast::BundleBroadcast: Cannot bind to port 20705, errorno=10048
  INFO root [2017-06-15 11:25:34,548] - Components::process(): Found all the components!
  WARN root [2017-06-15 11:26:08,402] - TCPPacketReceiver::processPendingEvents(127.0.0.1:61451): Throwing REASON_GENERAL_NETWORK - WSAECONNRESET
  INFO root [2017-06-15 11:28:45,525] - 
  INFO root [2017-06-15 11:28:45,526] - -----------------------------------------------------------------------------------------


  INFO root [2017-06-15 11:28:45,526] - Resmgr::initialize: KBE_ROOT=F:/kbengine/
  INFO root [2017-06-15 11:28:45,526] - Resmgr::initialize: KBE_RES_PATH=F:/kbengine/kbe/res/;F:/kbengine/kbengine_demos_assets/;F:/kbengine/kbengine_demos_assets/scripts/;F:/kbengine/kbengine_demos_assets/res/
  INFO root [2017-06-15 11:28:45,527] - Resmgr::initialize: KBE_BIN_PATH=F:/kbengine/kbe/bin/server/
  INFO root [2017-06-15 11:28:45,531] - NetworkInterface::recreateListeningSocket(INTERNAL): bound to all interfaces with default route interface on 192.168.0.157 ( 192.168.0.157:30099 )
  INFO root [2017-06-15 11:28:45,531] - NetworkInterface::recreateListeningSocket(INTERNAL): address 192.168.0.157:30099, SOMAXCONN=5.
  INFO root [2017-06-15 11:28:45,534] - ---- interfaces Version: 0.9.12. ScriptVersion: 0.1.0. Protocol: 9E765948B0CBBFE757F53CE9A0EBAFD3. Config: Debug X86. Built: 15:29:48 Jun 14 2017. AppID: 3000. UID: 49527. PID: 3452 ----
  INFO root [2017-06-15 11:28:45,534] - Server : Intel(R) Core(TM) i7-7700 CPU @ 3.60GHz with 2097151kB RAM
  INFO root [2017-06-15 11:28:45,535] - ThreadPool::createThreadPool: creating  threadpool...
  INFO root [2017-06-15 11:28:45,535] - ThreadPool::createThreadPool: successfully(2), newThreadCount=1, normalMaxThreadCount=2, maxThreadCount=8
 DEBUG root [2017-06-15 11:28:45,662] - Script::install_py_dlls(): PyInit_pyexpat
 DEBUG root [2017-06-15 11:28:45,662] - Script::install_py_dlls(): PyInit__socket
 DEBUG root [2017-06-15 11:28:45,663] - Script::install_py_dlls(): PyInit__hashlib
 DEBUG root [2017-06-15 11:28:45,664] - Script::install_py_dlls(): PyInit_select
 DEBUG root [2017-06-15 11:28:45,665] - Script::install_py_dlls(): PyInit__ctypes
 DEBUG root [2017-06-15 11:28:45,665] - Script::install_py_dlls(): PyInit__elementtree
 DEBUG root [2017-06-15 11:28:45,690] - Script::install_py_dlls(): PyInit_unicodedata
  INFO root [2017-06-15 11:28:45,719] - Script::install(): is successfully, Python=(3.4.2 (default, Jun 14 2017, 15:29:45) [MSC v.1910 32 bit (Intel)])!
  INFO root [2017-06-15 11:28:45,719] - Script::install(): KBExtra is successfully!
S_INFO root [2017-06-15 11:28:45,727] - onInterfaceAppReady: bootstrapGroupIndex=0, bootstrapGlobalIndex=0
  INFO root [2017-06-15 11:28:45,736] - TelnetServer server is running on port 33000
  INFO root [2017-06-15 11:28:46,032] - ---- interfaces is running ----
 DEBUG root [2017-06-15 11:28:46,033] - Components::process(): Request for the process of identity...
  INFO root [2017-06-15 11:28:53,327] - Components::process(): Found all the components!
  INFO root [2017-06-15 11:29:18,417] - 
  INFO root [2017-06-15 11:29:18,418] - -----------------------------------------------------------------------------------------


  INFO root [2017-06-15 11:29:18,418] - Resmgr::initialize: KBE_ROOT=F:/kbengine/
  INFO root [2017-06-15 11:29:18,419] - Resmgr::initialize: KBE_RES_PATH=F:/kbengine/kbe/res/;F:/kbengine/kbengine_demos_assets/;F:/kbengine/kbengine_demos_assets/scripts/;F:/kbengine/kbengine_demos_assets/res/
  INFO root [2017-06-15 11:29:18,419] - Resmgr::initialize: KBE_BIN_PATH=F:/kbengine/kbe/bin/server/
  INFO root [2017-06-15 11:29:18,422] - NetworkInterface::recreateListeningSocket(INTERNAL): bound to all interfaces with default route interface on 192.168.0.157 ( 192.168.0.157:30099 )
  INFO root [2017-06-15 11:29:18,422] - NetworkInterface::recreateListeningSocket(INTERNAL): address 192.168.0.157:30099, SOMAXCONN=5.
  INFO root [2017-06-15 11:29:18,425] - ---- interfaces Version: 0.9.12. ScriptVersion: 0.1.0. Protocol: 9E765948B0CBBFE757F53CE9A0EBAFD3. Config: Debug X86. Built: 15:29:48 Jun 14 2017. AppID: 3000. UID: 49527. PID: 5400 ----
  INFO root [2017-06-15 11:29:18,425] - Server : Intel(R) Core(TM) i7-7700 CPU @ 3.60GHz with 2097151kB RAM
  INFO root [2017-06-15 11:29:18,425] - ThreadPool::createThreadPool: creating  threadpool...
  INFO root [2017-06-15 11:29:18,425] - ThreadPool::createThreadPool: successfully(2), newThreadCount=1, normalMaxThreadCount=2, maxThreadCount=8
 DEBUG root [2017-06-15 11:29:18,549] - Script::install_py_dlls(): PyInit_pyexpat
 DEBUG root [2017-06-15 11:29:18,549] - Script::install_py_dlls(): PyInit__socket
 DEBUG root [2017-06-15 11:29:18,550] - Script::install_py_dlls(): PyInit__hashlib
 DEBUG root [2017-06-15 11:29:18,551] - Script::install_py_dlls(): PyInit_select
 DEBUG root [2017-06-15 11:29:18,551] - Script::install_py_dlls(): PyInit__ctypes
 DEBUG root [2017-06-15 11:29:18,552] - Script::install_py_dlls(): PyInit__elementtree
 DEBUG root [2017-06-15 11:29:18,579] - Script::install_py_dlls(): PyInit_unicodedata
  INFO root [2017-06-15 11:29:18,604] - Script::install(): is successfully, Python=(3.4.2 (default, Jun 14 2017, 15:29:45) [MSC v.1910 32 bit (Intel)])!
  INFO root [2017-06-15 11:29:18,604] - Script::install(): KBExtra is successfully!
S_INFO root [2017-06-15 11:29:18,611] - onInterfaceAppReady: bootstrapGroupIndex=0, bootstrapGlobalIndex=0
  INFO root [2017-06-15 11:29:18,618] - TelnetServer server is running on port 33000
  INFO root [2017-06-15 11:29:18,905] - ---- interfaces is running ----
 DEBUG root [2017-06-15 11:29:18,906] - Components::process(): Request for the process of identity...
  INFO root [2017-06-15 11:29:26,020] - Components::process(): Found all the components!
  WARN root [2017-06-15 11:32:15,655] - TCPPacketReceiver::processPendingEvents(127.0.0.1:49465): Throwing REASON_GENERAL_NETWORK - WSAECONNRESET
  INFO root [2017-06-15 11:32:21,685] - 
  INFO root [2017-06-15 11:32:21,686] - -----------------------------------------------------------------------------------------


  INFO root [2017-06-15 11:32:21,687] - Resmgr::initialize: KBE_ROOT=F:/kbengine/
  INFO root [2017-06-15 11:32:21,688] - Resmgr::initialize: KBE_RES_PATH=F:/kbengine/kbe/res/;F:/kbengine/kbengine_demos_assets/;F:/kbengine/kbengine_demos_assets/scripts/;F:/kbengine/kbengine_demos_assets/res/
  INFO root [2017-06-15 11:32:21,688] - Resmgr::initialize: KBE_BIN_PATH=F:/kbengine/kbe/bin/server/
  INFO root [2017-06-15 11:32:21,691] - NetworkInterface::recreateListeningSocket(INTERNAL): bound to all interfaces with default route interface on 192.168.0.157 ( 192.168.0.157:30099 )
  INFO root [2017-06-15 11:32:21,692] - NetworkInterface::recreateListeningSocket(INTERNAL): address 192.168.0.157:30099, SOMAXCONN=5.
  INFO root [2017-06-15 11:32:21,696] - ---- interfaces Version: 0.9.12. ScriptVersion: 0.1.0. Protocol: 9E765948B0CBBFE757F53CE9A0EBAFD3. Config: Debug X86. Built: 15:29:48 Jun 14 2017. AppID: 3000. UID: 49527. PID: 6380 ----
  INFO root [2017-06-15 11:32:21,698] - Server : Intel(R) Core(TM) i7-7700 CPU @ 3.60GHz with 2097151kB RAM
  INFO root [2017-06-15 11:32:21,698] - ThreadPool::createThreadPool: creating  threadpool...
  INFO root [2017-06-15 11:32:21,699] - ThreadPool::createThreadPool: successfully(2), newThreadCount=1, normalMaxThreadCount=2, maxThreadCount=8
 DEBUG root [2017-06-15 11:32:21,835] - Script::install_py_dlls(): PyInit_pyexpat
 DEBUG root [2017-06-15 11:32:21,836] - Script::install_py_dlls(): PyInit__socket
 DEBUG root [2017-06-15 11:32:21,836] - Script::install_py_dlls(): PyInit__hashlib
 DEBUG root [2017-06-15 11:32:21,838] - Script::install_py_dlls(): PyInit_select
 DEBUG root [2017-06-15 11:32:21,838] - Script::install_py_dlls(): PyInit__ctypes
 DEBUG root [2017-06-15 11:32:21,838] - Script::install_py_dlls(): PyInit__elementtree
 DEBUG root [2017-06-15 11:32:21,869] - Script::install_py_dlls(): PyInit_unicodedata
  INFO root [2017-06-15 11:32:21,900] - Script::install(): is successfully, Python=(3.4.2 (default, Jun 14 2017, 15:29:45) [MSC v.1910 32 bit (Intel)])!
  INFO root [2017-06-15 11:32:21,900] - Script::install(): KBExtra is successfully!
S_INFO root [2017-06-15 11:32:21,908] - onInterfaceAppReady: bootstrapGroupIndex=0, bootstrapGlobalIndex=0
  INFO root [2017-06-15 11:32:21,915] - TelnetServer server is running on port 33000
  INFO root [2017-06-15 11:32:22,193] - ---- interfaces is running ----
 DEBUG root [2017-06-15 11:32:22,193] - Components::process(): Request for the process of identity...
  INFO root [2017-06-15 11:32:29,309] - Components::process(): Found all the components!
S_INFO root [2017-06-15 11:33:13,123] - onRequestAccountLogin: registerName=TEST
  WARN root [2017-06-15 11:34:05,180] - TCPPacketReceiver::processPendingEvents(127.0.0.1:49689): Throwing REASON_GENERAL_NETWORK - WSAECONNRESET
  INFO root [2017-06-15 11:39:22,073] - 
  INFO root [2017-06-15 11:39:22,074] - -----------------------------------------------------------------------------------------


  INFO root [2017-06-15 11:39:22,074] - Resmgr::initialize: KBE_ROOT=F:/kbengine/
  INFO root [2017-06-15 11:39:22,075] - Resmgr::initialize: KBE_RES_PATH=F:/kbengine/kbe/res/;F:/kbengine/kbengine_demos_assets/;F:/kbengine/kbengine_demos_assets/scripts/;F:/kbengine/kbengine_demos_assets/res/
  INFO root [2017-06-15 11:39:22,075] - Resmgr::initialize: KBE_BIN_PATH=F:/kbengine/kbe/bin/server/
  INFO root [2017-06-15 11:39:22,077] - NetworkInterface::recreateListeningSocket(INTERNAL): bound to all interfaces with default route interface on 192.168.0.157 ( 192.168.0.157:30099 )
  INFO root [2017-06-15 11:39:22,077] - NetworkInterface::recreateListeningSocket(INTERNAL): address 192.168.0.157:30099, SOMAXCONN=5.
  INFO root [2017-06-15 11:39:22,081] - ---- interfaces Version: 0.9.12. ScriptVersion: 0.1.0. Protocol: 9E765948B0CBBFE757F53CE9A0EBAFD3. Config: Debug X86. Built: 15:29:48 Jun 14 2017. AppID: 3000. UID: 49527. PID: 2976 ----
  INFO root [2017-06-15 11:39:22,081] - Server : Intel(R) Core(TM) i7-7700 CPU @ 3.60GHz with 2097151kB RAM
  INFO root [2017-06-15 11:39:22,081] - ThreadPool::createThreadPool: creating  threadpool...
  INFO root [2017-06-15 11:39:22,081] - ThreadPool::createThreadPool: successfully(2), newThreadCount=1, normalMaxThreadCount=2, maxThreadCount=8
 DEBUG root [2017-06-15 11:39:22,206] - Script::install_py_dlls(): PyInit_pyexpat
 DEBUG root [2017-06-15 11:39:22,206] - Script::install_py_dlls(): PyInit__socket
 DEBUG root [2017-06-15 11:39:22,206] - Script::install_py_dlls(): PyInit__hashlib
 DEBUG root [2017-06-15 11:39:22,208] - Script::install_py_dlls(): PyInit_select
 DEBUG root [2017-06-15 11:39:22,208] - Script::install_py_dlls(): PyInit__ctypes
 DEBUG root [2017-06-15 11:39:22,208] - Script::install_py_dlls(): PyInit__elementtree
 DEBUG root [2017-06-15 11:39:22,234] - Script::install_py_dlls(): PyInit_unicodedata
  INFO root [2017-06-15 11:39:22,263] - Script::install(): is successfully, Python=(3.4.2 (default, Jun 14 2017, 15:29:45) [MSC v.1910 32 bit (Intel)])!
  INFO root [2017-06-15 11:39:22,263] - Script::install(): KBExtra is successfully!
S_INFO root [2017-06-15 11:39:22,271] - onInterfaceAppReady: bootstrapGroupIndex=0, bootstrapGlobalIndex=0
  INFO root [2017-06-15 11:39:22,276] - TelnetServer server is running on port 33000
  INFO root [2017-06-15 11:39:22,575] - ---- interfaces is running ----
 DEBUG root [2017-06-15 11:39:22,575] - Components::process(): Request for the process of identity...
  INFO root [2017-06-15 11:39:29,676] - Components::process(): Found all the components!
S_INFO root [2017-06-15 11:40:11,571] - onRequestAccountLogin: registerName=TEST
  WARN root [2017-06-15 11:43:05,140] - TCPPacketReceiver::processPendingEvents(127.0.0.1:50637): Throwing REASON_GENERAL_NETWORK - WSAECONNRESET
  INFO root [2017-06-15 11:48:19,529] - 
  INFO root [2017-06-15 11:48:19,530] - -----------------------------------------------------------------------------------------


  INFO root [2017-06-15 11:48:19,530] - Resmgr::initialize: KBE_ROOT=F:/kbengine/
  INFO root [2017-06-15 11:48:19,531] - Resmgr::initialize: KBE_RES_PATH=F:/kbengine/kbe/res/;F:/kbengine/kbengine_demos_assets/;F:/kbengine/kbengine_demos_assets/scripts/;F:/kbengine/kbengine_demos_assets/res/
  INFO root [2017-06-15 11:48:19,531] - Resmgr::initialize: KBE_BIN_PATH=F:/kbengine/kbe/bin/server/
  INFO root [2017-06-15 11:48:19,533] - NetworkInterface::recreateListeningSocket(INTERNAL): bound to all interfaces with default route interface on 192.168.0.157 ( 192.168.0.157:30099 )
  INFO root [2017-06-15 11:48:19,534] - NetworkInterface::recreateListeningSocket(INTERNAL): address 192.168.0.157:30099, SOMAXCONN=5.
  INFO root [2017-06-15 11:48:19,538] - ---- interfaces Version: 0.9.12. ScriptVersion: 0.1.0. Protocol: 9E765948B0CBBFE757F53CE9A0EBAFD3. Config: Debug X86. Built: 15:29:48 Jun 14 2017. AppID: 3000. UID: 49527. PID: 5448 ----
  INFO root [2017-06-15 11:48:19,539] - Server : Intel(R) Core(TM) i7-7700 CPU @ 3.60GHz with 2097151kB RAM
  INFO root [2017-06-15 11:48:19,539] - ThreadPool::createThreadPool: creating  threadpool...
  INFO root [2017-06-15 11:48:19,540] - ThreadPool::createThreadPool: successfully(2), newThreadCount=1, normalMaxThreadCount=2, maxThreadCount=8
 DEBUG root [2017-06-15 11:48:19,664] - Script::install_py_dlls(): PyInit_pyexpat
 DEBUG root [2017-06-15 11:48:19,664] - Script::install_py_dlls(): PyInit__socket
 DEBUG root [2017-06-15 11:48:19,665] - Script::install_py_dlls(): PyInit__hashlib
 DEBUG root [2017-06-15 11:48:19,666] - Script::install_py_dlls(): PyInit_select
 DEBUG root [2017-06-15 11:48:19,666] - Script::install_py_dlls(): PyInit__ctypes
 DEBUG root [2017-06-15 11:48:19,667] - Script::install_py_dlls(): PyInit__elementtree
 DEBUG root [2017-06-15 11:48:19,695] - Script::install_py_dlls(): PyInit_unicodedata
  INFO root [2017-06-15 11:48:19,721] - Script::install(): is successfully, Python=(3.4.2 (default, Jun 14 2017, 15:29:45) [MSC v.1910 32 bit (Intel)])!
  INFO root [2017-06-15 11:48:19,722] - Script::install(): KBExtra is successfully!
S_INFO root [2017-06-15 11:48:19,729] - onInterfaceAppReady: bootstrapGroupIndex=0, bootstrapGlobalIndex=0
  INFO root [2017-06-15 11:48:19,734] - TelnetServer server is running on port 33000
  INFO root [2017-06-15 11:48:20,049] - ---- interfaces is running ----
 DEBUG root [2017-06-15 11:48:20,049] - Components::process(): Request for the process of identity...
  INFO root [2017-06-15 11:48:27,132] - Components::process(): Found all the components!
S_INFO root [2017-06-15 11:49:01,729] - onRequestAccountLogin: registerName=TEST
S_INFO root [2017-06-15 12:19:26,823] - onRequestAccountLogin: registerName=TEST
S_INFO root [2017-06-15 12:30:08,723] - onRequestCreateAccount: registerName=TESTmc
S_INFO root [2017-06-15 12:30:10,535] - onRequestAccountLogin: registerName=TESTmc
S_INFO root [2017-06-15 12:30:46,521] - onRequestAccountLogin: registerName=TEST
S_INFO root [2017-06-15 12:32:18,921] - onRequestCreateAccount: registerName=sheng
S_INFO root [2017-06-15 12:32:20,621] - onRequestAccountLogin: registerName=sheng
  WARN root [2017-06-15 12:37:59,993] - TCPPacketReceiver::processPendingEvents(127.0.0.1:51150): Throwing REASON_GENERAL_NETWORK - WSAECONNRESET
  INFO root [2017-06-15 13:03:26,820] - 
  INFO root [2017-06-15 13:03:26,821] - -----------------------------------------------------------------------------------------


  INFO root [2017-06-15 13:03:26,821] - Resmgr::initialize: KBE_ROOT=F:/kbengine_org/
  INFO root [2017-06-15 13:03:26,821] - Resmgr::initialize: KBE_RES_PATH=F:/kbengine_org/kbe/res/;F:/kbengine_org/MS_PROJECT2/;F:/kbengine_org/MS_PROJECT2/scripts/;F:/kbengine_org/MS_PROJECT2/res/
  INFO root [2017-06-15 13:03:26,821] - Resmgr::initialize: KBE_BIN_PATH=F:/kbengine_org/kbe/bin/server/
  INFO root [2017-06-15 13:03:26,825] - NetworkInterface::recreateListeningSocket(INTERNAL): bound to all interfaces with default route interface on 192.168.0.157 ( 192.168.0.157:30099 )
  INFO root [2017-06-15 13:03:26,825] - NetworkInterface::recreateListeningSocket(INTERNAL): address 192.168.0.157:30099, SOMAXCONN=5.
  INFO root [2017-06-15 13:03:26,829] - ---- interfaces Version: 0.9.12. ScriptVersion: 0.1.0. Protocol: 9E765948B0CBBFE757F53CE9A0EBAFD3. Config: Debug X86. Built: 15:29:48 Jun 14 2017. AppID: 3000. UID: 49527. PID: 6016 ----
  INFO root [2017-06-15 13:03:26,830] - Server : Intel(R) Core(TM) i7-7700 CPU @ 3.60GHz with 2097151kB RAM
  INFO root [2017-06-15 13:03:26,830] - ThreadPool::createThreadPool: creating  threadpool...
  INFO root [2017-06-15 13:03:26,831] - ThreadPool::createThreadPool: successfully(2), newThreadCount=1, normalMaxThreadCount=2, maxThreadCount=8
 DEBUG root [2017-06-15 13:03:26,955] - Script::install_py_dlls(): PyInit_pyexpat
 DEBUG root [2017-06-15 13:03:26,956] - Script::install_py_dlls(): PyInit__socket
 DEBUG root [2017-06-15 13:03:26,956] - Script::install_py_dlls(): PyInit__hashlib
 DEBUG root [2017-06-15 13:03:26,957] - Script::install_py_dlls(): PyInit_select
 DEBUG root [2017-06-15 13:03:26,957] - Script::install_py_dlls(): PyInit__ctypes
 DEBUG root [2017-06-15 13:03:26,958] - Script::install_py_dlls(): PyInit__elementtree
 DEBUG root [2017-06-15 13:03:26,984] - Script::install_py_dlls(): PyInit_unicodedata
  INFO root [2017-06-15 13:03:27,012] - Script::install(): is successfully, Python=(3.4.2 (default, Jun 14 2017, 15:29:45) [MSC v.1910 32 bit (Intel)])!
  INFO root [2017-06-15 13:03:27,012] - Script::install(): KBExtra is successfully!
S_INFO root [2017-06-15 13:03:27,020] - onInterfaceAppReady: bootstrapGroupIndex=0, bootstrapGlobalIndex=0
  INFO root [2017-06-15 13:03:27,026] - TelnetServer server is running on port 33000
  INFO root [2017-06-15 13:03:27,369] - ---- interfaces is running ----
 DEBUG root [2017-06-15 13:03:27,370] - Components::process(): Request for the process of identity...
  INFO root [2017-06-15 13:03:34,522] - Components::process(): Found all the components!
S_INFO root [2017-06-15 13:04:02,620] - onRequestAccountLogin: registerName=TEST
  WARN root [2017-06-15 13:04:30,775] - TCPPacketReceiver::processPendingEvents(127.0.0.1:53165): Throwing REASON_GENERAL_NETWORK - WSAECONNRESET
